KITTI data loaded (30 images)!
Starting training loop.
Loss (0000 it):0.1950 	Accuracy: 0.836
Loss (0050 it):0.1972 	Accuracy: 0.820
Loss (0100 it):0.1968 	Accuracy: 0.852
Loss (0150 it):0.1969 	Accuracy: 0.859
Loss (0200 it):0.1967 	Accuracy: 0.812
Loss (0250 it):0.1985 	Accuracy: 0.828
Loss (0300 it):0.1976 	Accuracy: 0.805
Loss (0350 it):0.1964 	Accuracy: 0.898
Loss (0400 it):0.1968 	Accuracy: 0.773
Loss (0450 it):0.1963 	Accuracy: 0.812
Loss (0500 it):0.1977 	Accuracy: 0.852
Loss (0550 it):0.1968 	Accuracy: 0.867
Loss (0600 it):0.1969 	Accuracy: 0.836
Loss (0650 it):0.1956 	Accuracy: 0.859
Loss (0700 it):0.1973 	Accuracy: 0.875
Loss (0750 it):0.1966 	Accuracy: 0.867
Loss (0800 it):0.1968 	Accuracy: 0.805
Loss (0850 it):0.1959 	Accuracy: 0.891
Loss (0900 it):0.1953 	Accuracy: 0.859
Loss (0950 it):0.1974 	Accuracy: 0.859
Loss (1000 it):0.1970 	Accuracy: 0.883
Loss (1050 it):0.1969 	Accuracy: 0.859
Loss (1100 it):0.1979 	Accuracy: 0.852
Loss (1150 it):0.1959 	Accuracy: 0.836
Loss (1200 it):0.1968 	Accuracy: 0.898
Loss (1250 it):0.1972 	Accuracy: 0.836
Loss (1300 it):0.1975 	Accuracy: 0.797
Loss (1350 it):0.1974 	Accuracy: 0.789
Loss (1400 it):0.1975 	Accuracy: 0.859
Loss (1450 it):0.1975 	Accuracy: 0.820
Loss (1500 it):0.1978 	Accuracy: 0.805
Loss (1550 it):0.1964 	Accuracy: 0.836
Loss (1600 it):0.1963 	Accuracy: 0.852
Loss (1650 it):0.1982 	Accuracy: 0.828
Loss (1700 it):0.1970 	Accuracy: 0.789
Loss (1750 it):0.1972 	Accuracy: 0.875
Loss (1800 it):0.1978 	Accuracy: 0.805
Loss (1850 it):0.1976 	Accuracy: 0.828
Loss (1900 it):0.1968 	Accuracy: 0.875
Loss (1950 it):0.1971 	Accuracy: 0.914
Loss (2000 it):0.1968 	Accuracy: 0.844
Loss (2050 it):0.1967 	Accuracy: 0.859
Loss (2100 it):0.1974 	Accuracy: 0.820
Loss (2150 it):0.1970 	Accuracy: 0.828
Loss (2200 it):0.1964 	Accuracy: 0.859
Loss (2250 it):0.1967 	Accuracy: 0.820
Loss (2300 it):0.1964 	Accuracy: 0.789
Loss (2350 it):0.1971 	Accuracy: 0.820
Loss (2400 it):0.1971 	Accuracy: 0.781
Loss (2450 it):0.1962 	Accuracy: 0.859
Loss (2500 it):0.1968 	Accuracy: 0.852
Loss (2550 it):0.1983 	Accuracy: 0.914
Loss (2600 it):0.1963 	Accuracy: 0.852
Loss (2650 it):0.1966 	Accuracy: 0.930
Loss (2700 it):0.1965 	Accuracy: 0.875
Loss (2750 it):0.1982 	Accuracy: 0.875
Loss (2800 it):0.1981 	Accuracy: 0.898
Loss (2850 it):0.1969 	Accuracy: 0.844
Loss (2900 it):0.1972 	Accuracy: 0.852
Loss (2950 it):0.1977 	Accuracy: 0.828
Loss (3000 it):0.1961 	Accuracy: 0.828
Loss (3050 it):0.1978 	Accuracy: 0.844
Loss (3100 it):0.1976 	Accuracy: 0.820
Loss (3150 it):0.1971 	Accuracy: 0.883
Loss (3200 it):0.1981 	Accuracy: 0.867
Loss (3250 it):0.1970 	Accuracy: 0.852
Loss (3300 it):0.1962 	Accuracy: 0.875
Loss (3350 it):0.1979 	Accuracy: 0.867
Loss (3400 it):0.1950 	Accuracy: 0.859
Loss (3450 it):0.1968 	Accuracy: 0.867
Loss (3500 it):0.1962 	Accuracy: 0.836
Loss (3550 it):0.1960 	Accuracy: 0.836
Loss (3600 it):0.1975 	Accuracy: 0.836
Loss (3650 it):0.1960 	Accuracy: 0.906
Loss (3700 it):0.1959 	Accuracy: 0.883
Loss (3750 it):0.1987 	Accuracy: 0.852
Loss (3800 it):0.1971 	Accuracy: 0.859
Loss (3850 it):0.1962 	Accuracy: 0.906
Loss (3900 it):0.1966 	Accuracy: 0.883
Loss (3950 it):0.1968 	Accuracy: 0.844
Loss (4000 it):0.1957 	Accuracy: 0.836
Loss (4050 it):0.1974 	Accuracy: 0.812
Loss (4100 it):0.1960 	Accuracy: 0.828
Loss (4150 it):0.1963 	Accuracy: 0.797
Loss (4200 it):0.1980 	Accuracy: 0.828
Loss (4250 it):0.1967 	Accuracy: 0.891
Loss (4300 it):0.1975 	Accuracy: 0.891
Loss (4350 it):0.1973 	Accuracy: 0.906
Loss (4400 it):0.1971 	Accuracy: 0.773
Loss (4450 it):0.1972 	Accuracy: 0.797
Loss (4500 it):0.1972 	Accuracy: 0.812
Loss (4550 it):0.1960 	Accuracy: 0.828
Loss (4600 it):0.1982 	Accuracy: 0.828
Loss (4650 it):0.1972 	Accuracy: 0.805
Loss (4700 it):0.1967 	Accuracy: 0.844
Loss (4750 it):0.1978 	Accuracy: 0.805
Loss (4800 it):0.1970 	Accuracy: 0.883
Loss (4850 it):0.1983 	Accuracy: 0.852
Loss (4900 it):0.1973 	Accuracy: 0.844
Loss (4950 it):0.1961 	Accuracy: 0.836
Loss (5000 it):0.1981 	Accuracy: 0.836
Loss (5050 it):0.1976 	Accuracy: 0.836
Loss (5100 it):0.1974 	Accuracy: 0.820
Loss (5150 it):0.1973 	Accuracy: 0.812
Loss (5200 it):0.1969 	Accuracy: 0.766
Loss (5250 it):0.1977 	Accuracy: 0.836
Loss (5300 it):0.1979 	Accuracy: 0.797
Loss (5350 it):0.1974 	Accuracy: 0.820
Loss (5400 it):0.1959 	Accuracy: 0.852
Loss (5450 it):0.1975 	Accuracy: 0.797
Loss (5500 it):0.1977 	Accuracy: 0.797
Loss (5550 it):0.1967 	Accuracy: 0.805
Loss (5600 it):0.1974 	Accuracy: 0.852
Loss (5650 it):0.1971 	Accuracy: 0.820
Loss (5700 it):0.1980 	Accuracy: 0.797
Loss (5750 it):0.1966 	Accuracy: 0.805
Loss (5800 it):0.1955 	Accuracy: 0.875
Loss (5850 it):0.1969 	Accuracy: 0.789
Loss (5900 it):0.1972 	Accuracy: 0.797
Loss (5950 it):0.1970 	Accuracy: 0.805
Loss (6000 it):0.1966 	Accuracy: 0.797
Loss (6050 it):0.1954 	Accuracy: 0.859
Loss (6100 it):0.1962 	Accuracy: 0.891
Loss (6150 it):0.1973 	Accuracy: 0.859
Loss (6200 it):0.1947 	Accuracy: 0.844
Loss (6250 it):0.1962 	Accuracy: 0.852
Loss (6300 it):0.1976 	Accuracy: 0.852
Loss (6350 it):0.1972 	Accuracy: 0.883
Loss (6400 it):0.1970 	Accuracy: 0.781
Loss (6450 it):0.1956 	Accuracy: 0.836
Loss (6500 it):0.1979 	Accuracy: 0.867
Loss (6550 it):0.1961 	Accuracy: 0.844
Loss (6600 it):0.1955 	Accuracy: 0.859
Loss (6650 it):0.1965 	Accuracy: 0.836
Loss (6700 it):0.1969 	Accuracy: 0.828
Loss (6750 it):0.1960 	Accuracy: 0.867
Loss (6800 it):0.1961 	Accuracy: 0.852
Loss (6850 it):0.1969 	Accuracy: 0.820
Loss (6900 it):0.1965 	Accuracy: 0.789
Loss (6950 it):0.1967 	Accuracy: 0.852
Loss (7000 it):0.1970 	Accuracy: 0.805
Loss (7050 it):0.1968 	Accuracy: 0.789
Loss (7100 it):0.1951 	Accuracy: 0.844
Loss (7150 it):0.1967 	Accuracy: 0.859
Loss (7200 it):0.1980 	Accuracy: 0.836
Loss (7250 it):0.1978 	Accuracy: 0.789
Loss (7300 it):0.1966 	Accuracy: 0.836
Loss (7350 it):0.1961 	Accuracy: 0.820
Loss (7400 it):0.1969 	Accuracy: 0.820
Loss (7450 it):0.1972 	Accuracy: 0.805
Loss (7500 it):0.1974 	Accuracy: 0.859
Loss (7550 it):0.1970 	Accuracy: 0.875
Loss (7600 it):0.1962 	Accuracy: 0.859
Loss (7650 it):0.1976 	Accuracy: 0.812
Loss (7700 it):0.1980 	Accuracy: 0.836
Loss (7750 it):0.1976 	Accuracy: 0.844
Loss (7800 it):0.1974 	Accuracy: 0.812
Loss (7850 it):0.1965 	Accuracy: 0.867
Loss (7900 it):0.1971 	Accuracy: 0.867
Loss (7950 it):0.1969 	Accuracy: 0.844
Loss (8000 it):0.1975 	Accuracy: 0.836
Loss (8050 it):0.1979 	Accuracy: 0.836
Loss (8100 it):0.1958 	Accuracy: 0.883
Loss (8150 it):0.1983 	Accuracy: 0.805
Loss (8200 it):0.1969 	Accuracy: 0.867
Loss (8250 it):0.1981 	Accuracy: 0.805
Loss (8300 it):0.1977 	Accuracy: 0.836
Loss (8350 it):0.1961 	Accuracy: 0.930
Loss (8400 it):0.1961 	Accuracy: 0.867
Loss (8450 it):0.1979 	Accuracy: 0.836
Loss (8500 it):0.1972 	Accuracy: 0.844
Loss (8550 it):0.1965 	Accuracy: 0.898
Loss (8600 it):0.1970 	Accuracy: 0.867
Loss (8650 it):0.1972 	Accuracy: 0.844
Loss (8700 it):0.1975 	Accuracy: 0.891
Loss (8750 it):0.1976 	Accuracy: 0.867
Loss (8800 it):0.1976 	Accuracy: 0.883
Loss (8850 it):0.1976 	Accuracy: 0.875
Loss (8900 it):0.1982 	Accuracy: 0.852
Loss (8950 it):0.1981 	Accuracy: 0.852
Loss (9000 it):0.1973 	Accuracy: 0.922
Loss (9050 it):0.1988 	Accuracy: 0.906
Loss (9100 it):0.1970 	Accuracy: 0.883
Loss (9150 it):0.1977 	Accuracy: 0.828
Loss (9200 it):0.1976 	Accuracy: 0.828
Loss (9250 it):0.1983 	Accuracy: 0.805
Loss (9300 it):0.1967 	Accuracy: 0.875
Loss (9350 it):0.1975 	Accuracy: 0.891
Loss (9400 it):0.1965 	Accuracy: 0.898
Loss (9450 it):0.1977 	Accuracy: 0.875
Loss (9500 it):0.1973 	Accuracy: 0.883
Loss (9550 it):0.1975 	Accuracy: 0.820
Loss (9600 it):0.1981 	Accuracy: 0.867
Loss (9650 it):0.1968 	Accuracy: 0.914
Loss (9700 it):0.1972 	Accuracy: 0.836
Loss (9750 it):0.1976 	Accuracy: 0.820
Loss (9800 it):0.1983 	Accuracy: 0.828
Loss (9850 it):0.1980 	Accuracy: 0.836
Loss (9900 it):0.1977 	Accuracy: 0.859
Loss (9950 it):0.1973 	Accuracy: 0.828
Finished training!
Saved model checkpoint.
DONE!
